<?xml version="1.0" encoding="UTF-8"?>
<!-- Generated by org.testng.reporters.JUnitXMLReporter -->
<testsuite ignored="0" hostname="DESKTOP-6CO0R1H" failures="0" tests="1" name="Pending Leave request" time="0.022" errors="0" timestamp="2022-11-26T11:58:56 IST">
  <testcase classname="commonProjects.Test_setup" name="@BeforeSuite launchbrowser" time="0.034">
    <failure type="java.lang.IllegalStateException" message="The driver executable must exist: C:\Users\WELCOME\git\selflearning-git\OhrmWebsite_POM\&amp;quot;C:\chromedriver.exe&amp;quot;">
      <![CDATA[java.lang.IllegalStateException: The driver executable must exist: C:\Users\WELCOME\git\selflearning-git\OhrmWebsite_POM\"C:\chromedriver.exe"
at org.openqa.selenium.internal.Require$FileStateChecker.isFile(Require.java:342)
at org.openqa.selenium.remote.service.DriverService.checkExecutable(DriverService.java:147)
at org.openqa.selenium.remote.service.DriverService.findExecutable(DriverService.java:142)
at org.openqa.selenium.chrome.ChromeDriverService.access$000(ChromeDriverService.java:39)
at org.openqa.selenium.chrome.ChromeDriverService$Builder.findDefaultExecutable(ChromeDriverService.java:233)
at org.openqa.selenium.remote.service.DriverService$Builder.build(DriverService.java:437)
at org.openqa.selenium.chrome.ChromeDriverService.createDefaultService(ChromeDriverService.java:128)
at org.openqa.selenium.chrome.ChromeDriver.<init>(ChromeDriver.java:49)
at commonProjects.Test_setup.launchbrowser(Test_setup.java:37)
... Removed 17 stack frames]]>
    </failure>
  </testcase> <!-- @BeforeSuite launchbrowser -->
  <testcase classname="testcases.Test_PendingLeave_Request" name="Pending_l_req" time="0.0">
    <skipped/>
  </testcase> <!-- Pending_l_req -->
</testsuite> <!-- Pending Leave request -->
