<?xml version="1.0" encoding="UTF-8"?>
<testng-results ignored="0" total="12" passed="10" failed="2" skipped="0">
  <reporter-output>
  </reporter-output>
  <suite started-at="2022-11-02T15:10:27 IST" name="Suite" finished-at="2022-11-02T15:18:49 IST" duration-ms="502649">
    <groups>
    </groups>
    <test started-at="2022-11-02T15:10:27 IST" name="Testchrome" finished-at="2022-11-02T15:14:08 IST" duration-ms="221485">
      <class name="com.POMFlipkartProj2.FShippingDetails">
        <test-method is-config="true" signature="flipkart_setup(org.testng.ITestContext)[pri:0, instance:com.POMFlipkartProj2.FShippingDetails@67d48005]" started-at="2022-11-02T15:10:27 IST" name="flipkart_setup" finished-at="2022-11-02T15:12:25 IST" duration-ms="118530" status="PASS">
          <params>
            <param index="0">
              <value>
                <![CDATA[org.testng.TestRunner@2de50ee4]]>
              </value>
            </param>
          </params>
          <reporter-output>
          </reporter-output>
        </test-method> <!-- flipkart_setup -->
        <test-method signature="fshipDetails(java.lang.String,java.lang.String,java.lang.String,java.lang.String,java.lang.String,java.lang.String,java.lang.String)[pri:0, instance:com.POMFlipkartProj2.FShippingDetails@67d48005]" started-at="2022-11-02T15:12:26 IST" name="fshipDetails" data-provider="FShip_Data" finished-at="2022-11-02T15:12:27 IST" duration-ms="362" status="FAIL">
          <params>
            <param index="0">
              <value>
                <![CDATA[Shrija]]>
              </value>
            </param>
            <param index="1">
              <value>
                <![CDATA[620016]]>
              </value>
            </param>
            <param index="2">
              <value>
                <![CDATA[9956740539]]>
              </value>
            </param>
            <param index="3">
              <value>
                <![CDATA[Thiruverumbur]]>
              </value>
            </param>
            <param index="4">
              <value>
                <![CDATA[22/74 ,manik nagar]]>
              </value>
            </param>
            <param index="5">
              <value>
                <![CDATA[Trichy]]>
              </value>
            </param>
            <param index="6">
              <value>
                <![CDATA[Tamilnadu]]>
              </value>
            </param>
          </params>
          <exception class="org.openqa.selenium.NoAlertPresentException">
            <message>
              <![CDATA[no such alert
  (Session info: chrome=106.0.5249.121)
Build info: version: '4.4.0', revision: 'e5c75ed026a'
System info: host: 'DESKTOP-6CO0R1H', ip: '192.168.1.6', os.name: 'Windows 11', os.arch: 'amd64', os.version: '10.0', java.version: '18.0.2.1'
Driver info: org.openqa.selenium.chrome.ChromeDriver
Command: [66be3ff966abe6177249cc6f7738d6cf, getAlertText {}]
Capabilities {acceptInsecureCerts: false, browserName: chrome, browserVersion: 106.0.5249.121, chrome: {chromedriverVersion: 106.0.5249.61 (511755355844..., userDataDir: C:\Users\WELCOME\AppData\Lo...}, goog:chromeOptions: {debuggerAddress: localhost:61616}, networkConnectionEnabled: false, pageLoadStrategy: normal, platformName: WINDOWS, proxy: Proxy(), se:cdp: ws://localhost:61616/devtoo..., se:cdpVersion: 106.0.5249.121, setWindowRect: true, strictFileInteractability: false, timeouts: {implicit: 0, pageLoad: 300000, script: 30000}, unhandledPromptBehavior: dismiss and notify, webauthn:extension:credBlob: true, webauthn:extension:largeBlob: true, webauthn:virtualAuthenticators: true}
Session ID: 66be3ff966abe6177249cc6f7738d6cf]]>
            </message>
            <full-stacktrace>
              <![CDATA[org.openqa.selenium.NoAlertPresentException: no such alert
  (Session info: chrome=106.0.5249.121)
Build info: version: '4.4.0', revision: 'e5c75ed026a'
System info: host: 'DESKTOP-6CO0R1H', ip: '192.168.1.6', os.name: 'Windows 11', os.arch: 'amd64', os.version: '10.0', java.version: '18.0.2.1'
Driver info: org.openqa.selenium.chrome.ChromeDriver
Command: [66be3ff966abe6177249cc6f7738d6cf, getAlertText {}]
Capabilities {acceptInsecureCerts: false, browserName: chrome, browserVersion: 106.0.5249.121, chrome: {chromedriverVersion: 106.0.5249.61 (511755355844..., userDataDir: C:\Users\WELCOME\AppData\Lo...}, goog:chromeOptions: {debuggerAddress: localhost:61616}, networkConnectionEnabled: false, pageLoadStrategy: normal, platformName: WINDOWS, proxy: Proxy(), se:cdp: ws://localhost:61616/devtoo..., se:cdpVersion: 106.0.5249.121, setWindowRect: true, strictFileInteractability: false, timeouts: {implicit: 0, pageLoad: 300000, script: 30000}, unhandledPromptBehavior: dismiss and notify, webauthn:extension:credBlob: true, webauthn:extension:largeBlob: true, webauthn:virtualAuthenticators: true}
Session ID: 66be3ff966abe6177249cc6f7738d6cf
at java.base/jdk.internal.reflect.DirectConstructorHandleAccessor.newInstance(DirectConstructorHandleAccessor.java:67)
at java.base/java.lang.reflect.Constructor.newInstanceWithCaller(Constructor.java:499)
at java.base/java.lang.reflect.Constructor.newInstance(Constructor.java:483)
at org.openqa.selenium.remote.codec.w3c.W3CHttpResponseCodec.createException(W3CHttpResponseCodec.java:200)
at org.openqa.selenium.remote.codec.w3c.W3CHttpResponseCodec.decode(W3CHttpResponseCodec.java:133)
at org.openqa.selenium.remote.codec.w3c.W3CHttpResponseCodec.decode(W3CHttpResponseCodec.java:53)
at org.openqa.selenium.remote.HttpCommandExecutor.execute(HttpCommandExecutor.java:184)
at org.openqa.selenium.remote.service.DriverCommandExecutor.invokeExecute(DriverCommandExecutor.java:167)
at org.openqa.selenium.remote.service.DriverCommandExecutor.execute(DriverCommandExecutor.java:142)
at org.openqa.selenium.remote.RemoteWebDriver.execute(RemoteWebDriver.java:547)
at org.openqa.selenium.remote.RemoteWebDriver.execute(RemoteWebDriver.java:602)
at org.openqa.selenium.remote.RemoteWebDriver.execute(RemoteWebDriver.java:606)
at org.openqa.selenium.remote.RemoteWebDriver$RemoteTargetLocator.alert(RemoteWebDriver.java:1128)
at com.POMFlipkartProj2.FShippingDetails.fshipDetails(FShippingDetails.java:36)
at java.base/jdk.internal.reflect.DirectMethodHandleAccessor.invoke(DirectMethodHandleAccessor.java:104)
at java.base/java.lang.reflect.Method.invoke(Method.java:577)
at org.testng.internal.MethodInvocationHelper.invokeMethod(MethodInvocationHelper.java:133)
at org.testng.internal.TestInvoker.invokeMethod(TestInvoker.java:598)
at org.testng.internal.TestInvoker.invokeTestMethod(TestInvoker.java:173)
at org.testng.internal.MethodRunner.runInSequence(MethodRunner.java:46)
at org.testng.internal.TestInvoker$MethodInvocationAgent.invoke(TestInvoker.java:824)
at org.testng.internal.TestInvoker.invokeTestMethods(TestInvoker.java:146)
at org.testng.internal.TestMethodWorker.invokeTestMethods(TestMethodWorker.java:146)
at org.testng.internal.TestMethodWorker.run(TestMethodWorker.java:128)
at java.base/java.util.ArrayList.forEach(ArrayList.java:1511)
at org.testng.TestRunner.privateRun(TestRunner.java:794)
at org.testng.TestRunner.run(TestRunner.java:596)
at org.testng.SuiteRunner.runTest(SuiteRunner.java:377)
at org.testng.SuiteRunner.runSequentially(SuiteRunner.java:371)
at org.testng.SuiteRunner.privateRun(SuiteRunner.java:332)
at org.testng.SuiteRunner.run(SuiteRunner.java:276)
at org.testng.SuiteRunnerWorker.runSuite(SuiteRunnerWorker.java:53)
at org.testng.SuiteRunnerWorker.run(SuiteRunnerWorker.java:96)
at org.testng.TestNG.runSuitesSequentially(TestNG.java:1212)
at org.testng.TestNG.runSuitesLocally(TestNG.java:1134)
at org.testng.TestNG.runSuites(TestNG.java:1063)
at org.testng.TestNG.run(TestNG.java:1031)
at org.testng.remote.AbstractRemoteTestNG.run(AbstractRemoteTestNG.java:115)
at org.testng.remote.RemoteTestNG.initAndRun(RemoteTestNG.java:251)
at org.testng.remote.RemoteTestNG.main(RemoteTestNG.java:77)
]]>
            </full-stacktrace>
          </exception> <!-- org.openqa.selenium.NoAlertPresentException -->
          <reporter-output>
          </reporter-output>
        </test-method> <!-- fshipDetails -->
        <test-method signature="setup()[pri:1, instance:com.POMFlipkartProj2.FShippingDetails@67d48005]" started-at="2022-11-02T15:12:27 IST" name="setup" finished-at="2022-11-02T15:13:03 IST" duration-ms="36165" status="PASS">
          <reporter-output>
          </reporter-output>
        </test-method> <!-- setup -->
        <test-method signature="fsearch()[pri:2, instance:com.POMFlipkartProj2.FShippingDetails@67d48005]" started-at="2022-11-02T15:13:03 IST" name="fsearch" finished-at="2022-11-02T15:13:14 IST" duration-ms="11031" status="PASS">
          <reporter-output>
          </reporter-output>
        </test-method> <!-- fsearch -->
        <test-method signature="fAdd2Cart()[pri:3, instance:com.POMFlipkartProj2.FShippingDetails@67d48005]" started-at="2022-11-02T15:13:14 IST" name="fAdd2Cart" finished-at="2022-11-02T15:13:47 IST" duration-ms="33143" status="PASS">
          <reporter-output>
          </reporter-output>
        </test-method> <!-- fAdd2Cart -->
        <test-method signature="scrreenshot()[pri:4, instance:com.POMFlipkartProj2.FShippingDetails@67d48005]" started-at="2022-11-02T15:13:47 IST" name="scrreenshot" finished-at="2022-11-02T15:13:47 IST" duration-ms="575" status="PASS">
          <reporter-output>
          </reporter-output>
        </test-method> <!-- scrreenshot -->
        <test-method signature="fplaceOrder()[pri:5, instance:com.POMFlipkartProj2.FShippingDetails@67d48005]" started-at="2022-11-02T15:13:47 IST" name="fplaceOrder" finished-at="2022-11-02T15:14:05 IST" duration-ms="17629" status="PASS">
          <reporter-output>
          </reporter-output>
        </test-method> <!-- fplaceOrder -->
        <test-method is-config="true" signature="tearDown()[pri:0, instance:com.POMFlipkartProj2.FShippingDetails@67d48005]" started-at="2022-11-02T15:14:05 IST" name="tearDown" finished-at="2022-11-02T15:14:08 IST" duration-ms="3046" status="PASS">
          <reporter-output>
          </reporter-output>
        </test-method> <!-- tearDown -->
      </class> <!-- com.POMFlipkartProj2.FShippingDetails -->
    </test> <!-- Testchrome -->
    <test started-at="2022-11-02T15:14:09 IST" name="Testfirefox" finished-at="2022-11-02T15:18:49 IST" duration-ms="280573">
      <class name="com.POMFlipkartProj2.FShippingDetails">
        <test-method is-config="true" signature="flipkart_setup(org.testng.ITestContext)[pri:0, instance:com.POMFlipkartProj2.FShippingDetails@3349e9bb]" started-at="2022-11-02T15:14:09 IST" name="flipkart_setup" finished-at="2022-11-02T15:17:17 IST" duration-ms="188312" status="PASS">
          <params>
            <param index="0">
              <value>
                <![CDATA[org.testng.TestRunner@10895b16]]>
              </value>
            </param>
          </params>
          <reporter-output>
          </reporter-output>
        </test-method> <!-- flipkart_setup -->
        <test-method signature="fshipDetails(java.lang.String,java.lang.String,java.lang.String,java.lang.String,java.lang.String,java.lang.String,java.lang.String)[pri:0, instance:com.POMFlipkartProj2.FShippingDetails@3349e9bb]" started-at="2022-11-02T15:17:17 IST" name="fshipDetails" data-provider="FShip_Data" finished-at="2022-11-02T15:17:18 IST" duration-ms="695" status="FAIL">
          <params>
            <param index="0">
              <value>
                <![CDATA[Shrija]]>
              </value>
            </param>
            <param index="1">
              <value>
                <![CDATA[620016]]>
              </value>
            </param>
            <param index="2">
              <value>
                <![CDATA[9956740539]]>
              </value>
            </param>
            <param index="3">
              <value>
                <![CDATA[Thiruverumbur]]>
              </value>
            </param>
            <param index="4">
              <value>
                <![CDATA[22/74 ,manik nagar]]>
              </value>
            </param>
            <param index="5">
              <value>
                <![CDATA[Trichy]]>
              </value>
            </param>
            <param index="6">
              <value>
                <![CDATA[Tamilnadu]]>
              </value>
            </param>
          </params>
          <exception class="org.openqa.selenium.NoAlertPresentException">
            <message>
              <![CDATA[Build info: version: '4.4.0', revision: 'e5c75ed026a'
System info: host: 'DESKTOP-6CO0R1H', ip: '192.168.1.6', os.name: 'Windows 11', os.arch: 'amd64', os.version: '10.0', java.version: '18.0.2.1'
Driver info: org.openqa.selenium.firefox.FirefoxDriver
Command: [fe61ffef-303c-4ce0-bcad-85e84dbfdba0, getAlertText {}]
Capabilities {acceptInsecureCerts: true, browserName: firefox, browserVersion: 106.0.3, moz:accessibilityChecks: false, moz:buildID: 20221030091646, moz:debuggerAddress: 127.0.0.1:64857, moz:geckodriverVersion: 0.31.0, moz:headless: false, moz:platformVersion: 10.0, moz:processID: 23580, moz:profile: C:\Users\WELCOME\AppData\Lo..., moz:shutdownTimeout: 60000, moz:useNonSpecCompliantPointerOrigin: false, moz:webdriverClick: true, moz:windowless: false, pageLoadStrategy: normal, platformName: WINDOWS, proxy: Proxy(), se:cdp: ws://127.0.0.1:64857/devtoo..., se:cdpVersion: 85.0, setWindowRect: true, strictFileInteractability: false, timeouts: {implicit: 0, pageLoad: 300000, script: 30000}, unhandledPromptBehavior: dismiss and notify}
Session ID: fe61ffef-303c-4ce0-bcad-85e84dbfdba0]]>
            </message>
            <full-stacktrace>
              <![CDATA[org.openqa.selenium.NoAlertPresentException: Build info: version: '4.4.0', revision: 'e5c75ed026a'
System info: host: 'DESKTOP-6CO0R1H', ip: '192.168.1.6', os.name: 'Windows 11', os.arch: 'amd64', os.version: '10.0', java.version: '18.0.2.1'
Driver info: org.openqa.selenium.firefox.FirefoxDriver
Command: [fe61ffef-303c-4ce0-bcad-85e84dbfdba0, getAlertText {}]
Capabilities {acceptInsecureCerts: true, browserName: firefox, browserVersion: 106.0.3, moz:accessibilityChecks: false, moz:buildID: 20221030091646, moz:debuggerAddress: 127.0.0.1:64857, moz:geckodriverVersion: 0.31.0, moz:headless: false, moz:platformVersion: 10.0, moz:processID: 23580, moz:profile: C:\Users\WELCOME\AppData\Lo..., moz:shutdownTimeout: 60000, moz:useNonSpecCompliantPointerOrigin: false, moz:webdriverClick: true, moz:windowless: false, pageLoadStrategy: normal, platformName: WINDOWS, proxy: Proxy(), se:cdp: ws://127.0.0.1:64857/devtoo..., se:cdpVersion: 85.0, setWindowRect: true, strictFileInteractability: false, timeouts: {implicit: 0, pageLoad: 300000, script: 30000}, unhandledPromptBehavior: dismiss and notify}
Session ID: fe61ffef-303c-4ce0-bcad-85e84dbfdba0
at java.base/jdk.internal.reflect.DirectConstructorHandleAccessor.newInstance(DirectConstructorHandleAccessor.java:67)
at java.base/java.lang.reflect.Constructor.newInstanceWithCaller(Constructor.java:499)
at java.base/java.lang.reflect.Constructor.newInstance(Constructor.java:483)
at org.openqa.selenium.remote.codec.w3c.W3CHttpResponseCodec.createException(W3CHttpResponseCodec.java:200)
at org.openqa.selenium.remote.codec.w3c.W3CHttpResponseCodec.decode(W3CHttpResponseCodec.java:133)
at org.openqa.selenium.remote.codec.w3c.W3CHttpResponseCodec.decode(W3CHttpResponseCodec.java:53)
at org.openqa.selenium.remote.HttpCommandExecutor.execute(HttpCommandExecutor.java:184)
at org.openqa.selenium.remote.service.DriverCommandExecutor.invokeExecute(DriverCommandExecutor.java:167)
at org.openqa.selenium.remote.service.DriverCommandExecutor.execute(DriverCommandExecutor.java:142)
at org.openqa.selenium.remote.RemoteWebDriver.execute(RemoteWebDriver.java:547)
at org.openqa.selenium.remote.RemoteWebDriver.execute(RemoteWebDriver.java:602)
at org.openqa.selenium.remote.RemoteWebDriver.execute(RemoteWebDriver.java:606)
at org.openqa.selenium.remote.RemoteWebDriver$RemoteTargetLocator.alert(RemoteWebDriver.java:1128)
at com.POMFlipkartProj2.FShippingDetails.fshipDetails(FShippingDetails.java:36)
at java.base/jdk.internal.reflect.DirectMethodHandleAccessor.invoke(DirectMethodHandleAccessor.java:104)
at java.base/java.lang.reflect.Method.invoke(Method.java:577)
at org.testng.internal.MethodInvocationHelper.invokeMethod(MethodInvocationHelper.java:133)
at org.testng.internal.TestInvoker.invokeMethod(TestInvoker.java:598)
at org.testng.internal.TestInvoker.invokeTestMethod(TestInvoker.java:173)
at org.testng.internal.MethodRunner.runInSequence(MethodRunner.java:46)
at org.testng.internal.TestInvoker$MethodInvocationAgent.invoke(TestInvoker.java:824)
at org.testng.internal.TestInvoker.invokeTestMethods(TestInvoker.java:146)
at org.testng.internal.TestMethodWorker.invokeTestMethods(TestMethodWorker.java:146)
at org.testng.internal.TestMethodWorker.run(TestMethodWorker.java:128)
at java.base/java.util.ArrayList.forEach(ArrayList.java:1511)
at org.testng.TestRunner.privateRun(TestRunner.java:794)
at org.testng.TestRunner.run(TestRunner.java:596)
at org.testng.SuiteRunner.runTest(SuiteRunner.java:377)
at org.testng.SuiteRunner.runSequentially(SuiteRunner.java:371)
at org.testng.SuiteRunner.privateRun(SuiteRunner.java:332)
at org.testng.SuiteRunner.run(SuiteRunner.java:276)
at org.testng.SuiteRunnerWorker.runSuite(SuiteRunnerWorker.java:53)
at org.testng.SuiteRunnerWorker.run(SuiteRunnerWorker.java:96)
at org.testng.TestNG.runSuitesSequentially(TestNG.java:1212)
at org.testng.TestNG.runSuitesLocally(TestNG.java:1134)
at org.testng.TestNG.runSuites(TestNG.java:1063)
at org.testng.TestNG.run(TestNG.java:1031)
at org.testng.remote.AbstractRemoteTestNG.run(AbstractRemoteTestNG.java:115)
at org.testng.remote.RemoteTestNG.initAndRun(RemoteTestNG.java:251)
at org.testng.remote.RemoteTestNG.main(RemoteTestNG.java:77)
]]>
            </full-stacktrace>
          </exception> <!-- org.openqa.selenium.NoAlertPresentException -->
          <reporter-output>
          </reporter-output>
        </test-method> <!-- fshipDetails -->
        <test-method signature="setup()[pri:1, instance:com.POMFlipkartProj2.FShippingDetails@3349e9bb]" started-at="2022-11-02T15:17:18 IST" name="setup" finished-at="2022-11-02T15:17:45 IST" duration-ms="27122" status="PASS">
          <reporter-output>
          </reporter-output>
        </test-method> <!-- setup -->
        <test-method signature="fsearch()[pri:2, instance:com.POMFlipkartProj2.FShippingDetails@3349e9bb]" started-at="2022-11-02T15:17:45 IST" name="fsearch" finished-at="2022-11-02T15:18:09 IST" duration-ms="23778" status="PASS">
          <reporter-output>
          </reporter-output>
        </test-method> <!-- fsearch -->
        <test-method signature="fAdd2Cart()[pri:3, instance:com.POMFlipkartProj2.FShippingDetails@3349e9bb]" started-at="2022-11-02T15:18:09 IST" name="fAdd2Cart" finished-at="2022-11-02T15:18:20 IST" duration-ms="10950" status="PASS">
          <reporter-output>
          </reporter-output>
        </test-method> <!-- fAdd2Cart -->
        <test-method signature="scrreenshot()[pri:4, instance:com.POMFlipkartProj2.FShippingDetails@3349e9bb]" started-at="2022-11-02T15:18:20 IST" name="scrreenshot" finished-at="2022-11-02T15:18:20 IST" duration-ms="377" status="PASS">
          <reporter-output>
          </reporter-output>
        </test-method> <!-- scrreenshot -->
        <test-method signature="fplaceOrder()[pri:5, instance:com.POMFlipkartProj2.FShippingDetails@3349e9bb]" started-at="2022-11-02T15:18:20 IST" name="fplaceOrder" finished-at="2022-11-02T15:18:40 IST" duration-ms="19557" status="PASS">
          <reporter-output>
          </reporter-output>
        </test-method> <!-- fplaceOrder -->
        <test-method is-config="true" signature="tearDown()[pri:0, instance:com.POMFlipkartProj2.FShippingDetails@3349e9bb]" started-at="2022-11-02T15:18:40 IST" name="tearDown" finished-at="2022-11-02T15:18:49 IST" duration-ms="9502" status="PASS">
          <reporter-output>
          </reporter-output>
        </test-method> <!-- tearDown -->
      </class> <!-- com.POMFlipkartProj2.FShippingDetails -->
    </test> <!-- Testfirefox -->
  </suite> <!-- Suite -->
</testng-results>
